[0409/065544.682:INFO:CONSOLE(0)] "Error with Permissions-Policy header: Feature xr-spatial-tracking's parameters are ignored.", source:  (0)
[0409/065544.682:INFO:CONSOLE(0)] "Error with Permissions-Policy header: Origin trial controlled feature not enabled: 'attribution-reporting'.", source:  (0)
[0409/065544.682:INFO:CONSOLE(0)] "Error with Permissions-Policy header: Unrecognized feature: 'compute-pressure'.", source:  (0)
[0409/065544.682:INFO:CONSOLE(0)] "Error with Permissions-Policy header: Origin trial controlled feature not enabled: 'interest-cohort'.", source:  (0)
[0409/065544.682:INFO:CONSOLE(0)] "Error with Permissions-Policy header: Unrecognized feature: 'private-state-token-issuance'.", source:  (0)
[0409/065544.682:INFO:CONSOLE(0)] "Error with Permissions-Policy header: Origin trial controlled feature not enabled: 'shared-storage'.", source:  (0)
[0409/065544.682:INFO:CONSOLE(0)] "Error with Permissions-Policy header: Unrecognized feature: 'shared-storage-select-url'.", source:  (0)
[0409/065544.682:INFO:CONSOLE(0)] "Error with Permissions-Policy header: Unrecognized feature: 'private-state-token-redemption'.", source:  (0)
[0409/065544.682:INFO:CONSOLE(0)] "Error with Permissions-Policy header: Unrecognized feature: 'unload'.", source:  (0)
[0409/065544.682:INFO:CONSOLE(0)] "Error with Permissions-Policy header: Unrecognized feature: 'window-management'.", source:  (0)
[0409/065546.789:INFO:CONSOLE(157)] "Event handler of 'x-storagemutated-1' event must be added on the initial evaluation of worker script.", source: https://static.whatsapp.net/rsrc.php/v4/yg/r/m8gsQEPTUC1.js (157)
[0409/065618.900:INFO:CONSOLE(0)] "Error with Permissions-Policy header: Feature xr-spatial-tracking's parameters are ignored.", source:  (0)
[0409/065618.900:INFO:CONSOLE(0)] "Error with Permissions-Policy header: Origin trial controlled feature not enabled: 'attribution-reporting'.", source:  (0)
[0409/065618.900:INFO:CONSOLE(0)] "Error with Permissions-Policy header: Unrecognized feature: 'compute-pressure'.", source:  (0)
[0409/065618.900:INFO:CONSOLE(0)] "Error with Permissions-Policy header: Origin trial controlled feature not enabled: 'interest-cohort'.", source:  (0)
[0409/065618.900:INFO:CONSOLE(0)] "Error with Permissions-Policy header: Unrecognized feature: 'private-state-token-issuance'.", source:  (0)
[0409/065618.900:INFO:CONSOLE(0)] "Error with Permissions-Policy header: Origin trial controlled feature not enabled: 'shared-storage'.", source:  (0)
[0409/065618.900:INFO:CONSOLE(0)] "Error with Permissions-Policy header: Unrecognized feature: 'shared-storage-select-url'.", source:  (0)
[0409/065618.900:INFO:CONSOLE(0)] "Error with Permissions-Policy header: Unrecognized feature: 'private-state-token-redemption'.", source:  (0)
[0409/065618.900:INFO:CONSOLE(0)] "Error with Permissions-Policy header: Unrecognized feature: 'unload'.", source:  (0)
[0409/065618.900:INFO:CONSOLE(0)] "Error with Permissions-Policy header: Unrecognized feature: 'window-management'.", source:  (0)
[0409/065619.182:ERROR:entry_impl.cc(1072)] No file for 8000000a
[0409/065619.183:ERROR:entry_impl.cc(1072)] No file for 8000000b
[0409/065619.185:ERROR:entry_impl.cc(1072)] No file for 8000000c
[0409/065619.185:ERROR:entry_impl.cc(1072)] No file for 8000000e
[0409/065619.185:ERROR:entry_impl.cc(1072)] No file for 8000000d
[0409/065619.185:ERROR:entry_impl.cc(1072)] No file for 8000000f
[0409/065619.187:ERROR:entry_impl.cc(1072)] No file for 80000010
[0409/065619.187:ERROR:entry_impl.cc(1072)] No file for 80000012
[0409/065619.187:ERROR:entry_impl.cc(1072)] No file for 80000011
[0409/065619.238:ERROR:entry_impl.cc(1072)] No file for 80000013
[0409/065619.450:ERROR:backend_impl.cc(754)] Unable to create file: -4
[0409/065619.450:ERROR:entry_impl.cc(995)] Failed to save user data
[0409/065619.452:ERROR:backend_impl.cc(754)] Unable to create file: -4
[0409/065619.452:ERROR:entry_impl.cc(995)] Failed to save user data
